######################################################################
# File Info    : Effective Resistance Report
# Date Created : 2020-Feb-11 18:13:31 (2020-Feb-11 17:13:31 GMT)
# User login   : k-tebina
# Created on   : kasar2
######################################################################


# Layer Representation: LEF
#      Coordinate Unit: um
#      Resistance Unit: Ohm

NET: vdd

# Threshold: N/A

# Effective resistance for given pair of nodes
# PASS/FAIL	    REFF  LABEL            X1       Y1 LAYER1            X2       Y2 LAYER2    
  -        	0.692976  SEGMENT1286  599.305  596.110 M7          1000.694  596.110 M7        
  -        	 0.69385  SEGMENT692   99.305  596.110 M7           500.694  596.110 M7        
  -        	0.694531  SEGMENT1880 1099.305  596.110 M7          1500.694  596.110 M7        
  -        	0.711795  SEGMENT1484  599.305 1097.910 M7          1000.694 1097.910 M7        
  -        	0.712769  SEGMENT890   99.305 1097.910 M7           500.694 1097.910 M7        
  -        	0.713358  SEGMENT2078 1099.305 1097.910 M7          1500.694 1097.910 M7        
  -        	0.741363  SEGMENT1385  599.305 1002.690 M7          1000.694 1002.690 M7        
  -        	0.742141  SEGMENT791   99.305 1002.690 M7           500.694 1002.690 M7        
  -        	0.742715  SEGMENT1979 1099.305 1002.690 M7          1500.694 1002.690 M7        
  -        	0.749962  SEGMENT1187  599.305  503.490 M7          1000.694  503.490 M7        
  -        	0.750852  SEGMENT593   99.305  503.490 M7           500.694  503.490 M7        
  -        	0.751372  SEGMENT1781 1099.305  503.490 M7          1500.694  503.490 M7        
  -        	 1.38558  SEGMENT494   99.305   96.910 M7           500.694   96.910 M7        
  -        	 1.39732  SEGMENT1682 1099.305   96.910 M7          1500.694   96.910 M7        
  -        	 1.39762  SEGMENT1088  599.305   96.910 M7          1000.694   96.910 M7        
  -        	 1.39963  SEGMENT989   99.305 1504.490 M7           500.694 1504.490 M7        
  -        	 1.41015  SEGMENT2177 1099.305 1504.490 M7          1500.694 1504.490 M7        
  -        	 1.41123  SEGMENT1583  599.305 1504.490 M7          1000.694 1504.490 M7        
  -        	 2.75118  SEGMENT98    32.176   18.700 M1          1597.824   18.700 M1        
  -        	 2.78189  SEGMENT197   32.176 1609.100 M1          1597.824 1609.100 M1        
  -        	 2.84186  SEGMENT296   18.700   32.154 M7            18.700 1595.646 M7        
  -        	 2.95564  SEGMENT395 1611.300   32.154 M7          1611.300 1595.646 M7        
  -        	 3.15993  SEGMENT2276   96.710   32.154 M6            96.710 1595.646 M6        
  -        	 3.28337  SEGMENT2375  503.290   32.154 M6           503.290 1595.646 M6        
  -        	 3.29742  SEGMENT2474  596.710   32.154 M6           596.710 1595.646 M6        
  -        	 3.30307  SEGMENT2573 1003.290   32.154 M6          1003.290 1595.646 M6        
  -        	 3.31244  SEGMENT2672 1096.710   32.154 M6          1096.710 1595.646 M6        
  -        	 3.32951  SEGMENT2771 1503.290   32.154 M6          1503.290 1595.646 M6        

